
Circuit 1 cell sky130_fd_pr__nfet_01v8 and Circuit 2 cell sky130_fd_pr__nfet_01v8 are black boxes.
Equate elements:  no current cell.
Device classes sky130_fd_pr__nfet_01v8 and sky130_fd_pr__nfet_01v8 are equivalent.

Circuit 1 cell sky130_fd_pr__pfet_01v8 and Circuit 2 cell sky130_fd_pr__pfet_01v8 are black boxes.
Equate elements:  no current cell.
Device classes sky130_fd_pr__pfet_01v8 and sky130_fd_pr__pfet_01v8 are equivalent.

Subcircuit summary:
Circuit 1: dflipflop.spice                 |Circuit 2: dflipflop_xschem.spice          
-------------------------------------------|-------------------------------------------
sky130_fd_pr__nfet_01v8 (7)                |sky130_fd_pr__nfet_01v8 (7)                
sky130_fd_pr__pfet_01v8 (7)                |sky130_fd_pr__pfet_01v8 (7)                
Number of devices: 14                      |Number of devices: 14                      
Number of nets: 11                         |Number of nets: 11                         
---------------------------------------------------------------------------------------
Resolving symmetries by property value.
Resolving symmetries by pin name.
Netlists match uniquely with property errors.
sky130_fd_pr__pfet_01v8:4 vs. sky130_fd_pr__pfet_01v8:M10:
 w circuit1: 3.95   circuit2: 4   (delta=1.26%, cutoff=1%)
Cells have no pins;  pin matching not needed.
Device classes dflipflop.spice and dflipflop_xschem.spice are equivalent.

Final result: Circuits match uniquely.
Property errors were found.

The following cells had property errors:
 dflipflop.spice
